<?xml version="1.0" encoding="UTF-8"?>
<!-- Generated by org.testng.reporters.JUnitReportReporter -->
<testsuite hostname="Vardhmans-MacBook-Pro.local" name="testRun.TestRunner" tests="1" failures="0" timestamp="27 Jul 2019 13:31:09 GMT" time="95.173" errors="0">
  <testcase name="feature" time="95.173" classname="testRun.TestRunner"/>
</testsuite> <!-- testRun.TestRunner -->
